<?xml version="1.0" encoding="UTF-8"?>
<!-- Generated by org.testng.reporters.JUnitReportReporter -->
<testsuite skipped="0" hostname="sceniks-MacBook-Pro.local" name="qaclickacademy.SeleniumTest" tests="2" failures="0" timestamp="18 Oct 2019 21:15:43 GMT" time="0.013" errors="0">
  <testcase name="BrowserAUtomation" time="0.011" classname="qaclickacademy.SeleniumTest"/>
  <testcase name="elementsUi" time="0.002" classname="qaclickacademy.SeleniumTest"/>
</testsuite> <!-- qaclickacademy.SeleniumTest -->
